[2023-04-27 10:56:15] [info] Start Program:
Path:"D:\ubb\anul1-sem2\Structuri de date si algoritmi\Laborator\lab3\L3\x64\Release\L3.exe"
Arguments:
Working directory: "D:\ubb\anul1-sem2\Structuri de date si algoritmi\Laborator\lab3\L3\"
Modules: Selected: D:\ubb\anul1-sem2\Structuri de date si algoritmi\Laborator\lab3\L3\x64\Release\L3.exe Excluded: 
Sources: Selected: D:\ubb\anul1-sem2\Structuri de date si algoritmi\Laborator\lab3\L3 Excluded: 
Log Level: Normal
Cover Children: 0
Aggregate by file: 1
Continue after C++ exception: 0
Optimized build support: 1
Export: Binary C:\Users\Razvan Stratila\AppData\Local\Temp\0megz2jc.x4e 
Input coverage: 
Unified diff: 
Excluded line regular expressions: 
Substitute pdb source paths: 

[2023-04-27 10:56:15] [info] Module: D:\ubb\anul1-sem2\Structuri de date si algoritmi\Laborator\lab3\L3\x64\Release\L3.exe is selected because it matches selected pattern: D:\ubb\anul1-sem2\Structuri de date si algoritmi\Laborator\lab3\L3\x64\Release\L3.exe
[2023-04-27 10:56:15] [info] ----------------------------------------------------
[2023-04-27 10:56:15] [info] Coverage binary generated in file: C:\Users\Razvan Stratila\AppData\Local\Temp\0megz2jc.x4e
[2023-04-27 10:56:15] [info] ----------------------------------------------------
